<?xml version="1.0" encoding="UTF-8"?>
<!-- Generated by org.testng.reporters.JUnitReportReporter -->
<testsuite hostname="TEB5J02J3" failures="0" tests="2" name="com.bt.MySite.TC_LoginTest" time="52.263" errors="0" timestamp="2024-01-22T15:23:03 IST" skipped="0">
  <testcase classname="com.bt.MySite.TC_LoginTest" name="searchCustomerID" time="8.556"/>
  <system-out/>
  <testcase classname="com.bt.MySite.TC_LoginTest" name="searchExistingSites" time="43.707"/>
  <system-out/>
</testsuite> <!-- com.bt.MySite.TC_LoginTest -->
