<?xml version="1.0" encoding="UTF-8"?>
<!-- Generated by org.testng.reporters.JUnitReportReporter -->
<testsuite skipped="0" hostname="TEB5J02J3" name="com.mysite.testcases.TC_MySiteLoginTestDataDriven" tests="1" failures="0" timestamp="2024-02-06T19:00:26 IST" time="0.117" errors="0">
  <testcase name="verifyMySiteLogin" time="0.117" classname="com.mysite.testcases.TC_MySiteLoginTestDataDriven"/>
  <system-out/>
</testsuite> <!-- com.mysite.testcases.TC_MySiteLoginTestDataDriven -->
