<?xml version="1.0" encoding="UTF-8"?>
<!-- Generated by org.testng.reporters.JUnitReportReporter -->
<testsuite skipped="0" hostname="TEB5J02J3" name="com.mysite.testcases.TC_AddNewSubLocation" tests="3" failures="0" timestamp="2024-02-07T12:30:04 IST" time="65.240" errors="0">
  <testcase name="verifyMySiteLogin" time="0.120" classname="com.mysite.testcases.TC_AddNewSubLocation"/>
  <system-out/>
  <testcase name="searchCustomerID" time="9.840" classname="com.mysite.testcases.TC_AddNewSubLocation"/>
  <system-out/>
  <testcase name="createNewSubLocation" time="55.280" classname="com.mysite.testcases.TC_AddNewSubLocation"/>
  <system-out/>
</testsuite> <!-- com.mysite.testcases.TC_AddNewSubLocation -->
