<?xml version="1.0" encoding="UTF-8"?>
<!-- Generated by org.testng.reporters.JUnitReportReporter -->
<testsuite skipped="0" hostname="TEB5J02J3" name="com.mysite.testcases.TC_MySiteLoginTest" tests="1" failures="0" timestamp="2024-02-08T19:17:55 IST" time="0.131" errors="0">
  <testcase name="verifyMySiteLogin" time="0.131" classname="com.mysite.testcases.TC_MySiteLoginTest"/>
  <system-out/>
</testsuite> <!-- com.mysite.testcases.TC_MySiteLoginTest -->
