<?xml version="1.0" encoding="UTF-8"?>
<!-- Generated by org.testng.reporters.JUnitReportReporter -->
<testsuite hostname="TEB5J02J3" failures="0" tests="2" name="com.mysite.testcases.TC_LoginTest" time="26.131" errors="0" timestamp="2024-01-25T19:54:55 IST" skipped="0">
  <testcase classname="com.mysite.testcases.TC_LoginTest" name="searchCustomerID" time="6.849"/>
  <system-out/>
  <testcase classname="com.mysite.testcases.TC_LoginTest" name="searchExistingSites" time="19.282"/>
  <system-out/>
</testsuite> <!-- com.mysite.testcases.TC_LoginTest -->
